<?xml version="1.0" encoding="UTF-8"?>
<!-- Generated by org.testng.reporters.JUnitReportReporter -->
<testsuite hostname="LAPTOP-7BTIVPCA" failures="0" tests="2" name="StrategyDSPTest.PaymentScreenTest" time="10.351" errors="0" timestamp="2021-06-28T20:51:17 IST" skipped="0">
  <testcase classname="StrategyDSPTest.PaymentScreenTest" name="makePayment" time="3.914"/>
  <system-out/>
  <testcase classname="StrategyDSPTest.PaymentScreenTest" name="makePayment" time="6.437"/>
  <system-out/>
</testsuite> <!-- StrategyDSPTest.PaymentScreenTest -->
